<?xml version="1.0" encoding="UTF-8"?>
<!-- Generated by org.testng.reporters.JUnitReportReporter -->
<testsuite hostname="HDDCAMPUS2988" failures="0" tests="1" name="com.qa.testscripts.TC_FlightBooking_003" time="17.881" errors="0" timestamp="2022-10-27T10:56:49 IST" skipped="0">
  <testcase classname="com.qa.testscripts.TC_FlightBooking_003" name="roundTrip" time="17.881"/>
  <system-out/>
</testsuite> <!-- com.qa.testscripts.TC_FlightBooking_003 -->
