<?xml version="1.0" encoding="UTF-8"?>
<!-- Generated by org.testng.reporters.JUnitReportReporter -->
<testsuite hostname="HDDCAMPUS2988" failures="0" tests="1" name="com.qa.testscripts.TC_FlightBooking_001" time="13.577" errors="0" timestamp="2022-10-27T09:44:15 IST" skipped="0">
  <testcase classname="com.qa.testscripts.TC_FlightBooking_001" name="validatingLanded" time="13.577"/>
  <system-out/>
</testsuite> <!-- com.qa.testscripts.TC_FlightBooking_001 -->
