<?xml version="1.0" encoding="UTF-8"?>
<!-- Generated by org.testng.reporters.JUnitReportReporter -->
<testsuite hostname="HDDCAMPUS2988" failures="0" tests="1" name="com.qa.testscripts.TC_FlightBooking_006" time="68.578" errors="0" timestamp="2022-11-02T22:18:07 IST" skipped="0">
  <testcase classname="com.qa.testscripts.TC_FlightBooking_006" name="selectFairType" time="68.578"/>
  <system-out/>
</testsuite> <!-- com.qa.testscripts.TC_FlightBooking_006 -->
