<?xml version="1.0" encoding="UTF-8"?>
<!-- Generated by org.testng.reporters.JUnitReportReporter -->
<testsuite hostname="HDDCAMPUS2988" failures="0" tests="1" name="com.qa.testscripts.TC_FlightBooking_005" time="61.181" errors="0" timestamp="2022-11-01T10:49:57 IST" skipped="0">
  <testcase classname="com.qa.testscripts.TC_FlightBooking_005" name="selectPeople" time="61.181"/>
  <system-out/>
</testsuite> <!-- com.qa.testscripts.TC_FlightBooking_005 -->
