<?xml version="1.0" encoding="UTF-8"?>
<!-- Generated by org.testng.reporters.JUnitReportReporter -->
<testsuite hostname="HDDCAMPUS2988" failures="0" tests="1" name="com.qa.testscripts.TC_Justdial_001" time="0.004" errors="0" timestamp="2022-10-25T08:44:34 IST" skipped="0">
  <testcase classname="com.qa.testscripts.TC_Justdial_001" name="Booking" time="0.004"/>
  <system-out/>
</testsuite> <!-- com.qa.testscripts.TC_Justdial_001 -->
