<?xml version="1.0" encoding="UTF-8"?>
<!-- Generated by org.testng.reporters.JUnitReportReporter -->
<testsuite hostname="HDDCAMPUS2988" failures="0" tests="1" name="com.qa.testscripts.Amazon_001" time="13.929" errors="0" timestamp="2022-10-25T06:12:48 IST" skipped="0">
  <testcase classname="com.qa.testscripts.Amazon_001" name="setup" time="13.929"/>
  <system-out/>
</testsuite> <!-- com.qa.testscripts.Amazon_001 -->
