<?xml version="1.0" encoding="UTF-8"?>
<!-- Generated by org.testng.reporters.JUnitReportReporter -->
<testsuite hostname="HDDCAMPUS2988" failures="0" tests="1" name="com.qa.testscripts.TC_AmazonAssinment_002" time="2.413" errors="0" timestamp="2022-10-20T16:39:36 IST" skipped="0">
  <testcase classname="com.qa.testscripts.TC_AmazonAssinment_002" name="AmazonPixel" time="2.413"/>
  <system-out/>
</testsuite> <!-- com.qa.testscripts.TC_AmazonAssinment_002 -->
