<?xml version="1.0" encoding="UTF-8"?>
<!-- Generated by org.testng.reporters.JUnitReportReporter -->
<testsuite hostname="HDDCAMPUS2988" failures="0" tests="3" name="com.qa.testNGDemo.TC_FundTransfer" time="0.012" errors="0" timestamp="2022-10-07T14:41:27 IST" skipped="0">
  <testcase classname="com.qa.testNGDemo.TC_FundTransfer" name="fundTransferIMPS" time="0.006"/>
  <system-out/>
  <testcase classname="com.qa.testNGDemo.TC_FundTransfer" name="fundTransferINTERNATIONAL" time="0.003"/>
  <system-out/>
  <testcase classname="com.qa.testNGDemo.TC_FundTransfer" name="fundTransferNEFT" time="0.003"/>
  <system-out/>
</testsuite> <!-- com.qa.testNGDemo.TC_FundTransfer -->
