<?xml version="1.0" encoding="UTF-8"?>
<!-- Generated by org.testng.reporters.JUnitReportReporter -->
<testsuite hostname="HDDCAMPUS2988" failures="0" tests="3" name="com.qa.testscripts.Tc_Google_003" time="26.602" errors="0" timestamp="2022-10-19T22:28:25 IST" skipped="0">
  <testcase classname="com.qa.testscripts.Tc_Google_003" name="getSuggestions" time="9.179"/>
  <system-out/>
  <testcase classname="com.qa.testscripts.Tc_Google_003" name="getSuggestions" time="7.084"/>
  <system-out/>
  <testcase classname="com.qa.testscripts.Tc_Google_003" name="getSuggestions" time="10.339"/>
  <system-out/>
</testsuite> <!-- com.qa.testscripts.Tc_Google_003 -->
