<?xml version="1.0" encoding="UTF-8"?>
<!-- Generated by org.testng.reporters.JUnitReportReporter -->
<testsuite hostname="HDDCAMPUS2988" failures="0" tests="2" name="com.qa.testscripts.Tc_AmazonP_002" time="3.293" errors="0" timestamp="2022-10-19T16:42:46 IST" skipped="0">
  <testcase classname="com.qa.testscripts.Tc_AmazonP_002" name="searchItem" time="3.292"/>
  <system-out/>
  <testcase classname="com.qa.testscripts.Tc_AmazonP_002" name="footLinks" time="0.001"/>
  <system-out/>
</testsuite> <!-- com.qa.testscripts.Tc_AmazonP_002 -->
