<?xml version="1.0" encoding="UTF-8"?>
<!-- Generated by org.testng.reporters.JUnitReportReporter -->
<testsuite hostname="HDDCAMPUS2988" failures="0" tests="1" name="com.qa.testscripts.TC_Linkedin_001" time="6.545" errors="0" timestamp="2022-10-19T23:09:07 IST" skipped="0">
  <testcase classname="com.qa.testscripts.TC_Linkedin_001" name="WorkingWithWindows" time="6.545"/>
  <system-out/>
</testsuite> <!-- com.qa.testscripts.TC_Linkedin_001 -->
