<?xml version="1.0" encoding="UTF-8"?>
<!-- Generated by org.testng.reporters.JUnitReportReporter -->
<testsuite hostname="HDDCAMPUS2988" failures="0" tests="1" name="com.qa.testscripts.TC_MakeMyTripAss_001" time="11.514" errors="0" timestamp="2022-10-21T13:46:25 IST" skipped="0">
  <testcase classname="com.qa.testscripts.TC_MakeMyTripAss_001" name="TopView" time="11.514"/>
  <system-out/>
</testsuite> <!-- com.qa.testscripts.TC_MakeMyTripAss_001 -->
