<?xml version="1.0" encoding="UTF-8"?>
<!-- Generated by org.testng.reporters.JUnitReportReporter -->
<testsuite hostname="HDDCAMPUS2988" failures="0" tests="1" name="com.qa.testNGDemo.TC_CreditCradBill" time="0.004" errors="0" timestamp="2022-10-07T14:33:03 IST" skipped="0">
  <testcase classname="com.qa.testNGDemo.TC_CreditCradBill" name="creditCardBill" time="0.004"/>
  <system-out/>
</testsuite> <!-- com.qa.testNGDemo.TC_CreditCradBill -->
