<?xml version="1.0" encoding="UTF-8"?>
<!-- Generated by org.testng.reporters.JUnitReportReporter -->
<testsuite hostname="HDDCAMPUS2988" failures="0" tests="1" name="com.qa.testscripts.TC_NewToursAss_002" time="7.608" errors="0" timestamp="2022-10-20T17:40:55 IST" skipped="0">
  <testcase classname="com.qa.testscripts.TC_NewToursAss_002" name="GuruValidation" time="7.608"/>
  <system-out/>
</testsuite> <!-- com.qa.testscripts.TC_NewToursAss_002 -->
