<?xml version="1.0" encoding="UTF-8"?>
<!-- Generated by org.testng.reporters.JUnitReportReporter -->
<testsuite hostname="HDDCAMPUS2988" failures="0" tests="1" name="com.qa.testscripts.TC_AmazonTNG_001" time="3.453" errors="0" timestamp="2022-10-11T07:01:04 IST" skipped="0">
  <testcase classname="com.qa.testscripts.TC_AmazonTNG_001" name="searchItem" time="3.453"/>
  <system-out/>
</testsuite> <!-- com.qa.testscripts.TC_AmazonTNG_001 -->
